{"/Users/nas/Documents/fec/Product-Details/enzyme.js": {"path":"/Users/nas/Documents/fec/Product-Details/enzyme.js","statementMap":{"0":{"start":{"line":4,"column":0},"end":{"line":4,"column":38}}},"fnMap":{},"branchMap":{},"s":{"0":4},"f":{},"b":{},"_coverageSchema":"1a1c01bbd47fc00a2c39e90264f33305004495a9","hash":"386843f39b6a0321101b18fb969c0436fba13d9d"}
,"/Users/nas/Documents/fec/Product-Details/client/components/AddToCart.jsx": {"path":"/Users/nas/Documents/fec/Product-Details/client/components/AddToCart.jsx","statementMap":{"0":{"start":{"line":9,"column":15},"end":{"line":13,"column":1}},"1":{"start":{"line":15,"column":17},"end":{"line":20,"column":1}},"2":{"start":{"line":22,"column":18},"end":{"line":45,"column":1}},"3":{"start":{"line":23,"column":2},"end":{"line":44,"column":4}}},"fnMap":{"0":{"name":"(anonymous_0)","decl":{"start":{"line":22,"column":18},"end":{"line":22,"column":19}},"loc":{"start":{"line":22,"column":24},"end":{"line":45,"column":1}},"line":22}},"branchMap":{},"s":{"0":3,"1":3,"2":3,"3":2},"f":{"0":2},"b":{},"_coverageSchema":"1a1c01bbd47fc00a2c39e90264f33305004495a9","hash":"9d9bdb2a4b4b4d06b09e641ffa5a59a2668f627a"}
,"/Users/nas/Documents/fec/Product-Details/client/components/App.jsx": {"path":"/Users/nas/Documents/fec/Product-Details/client/components/App.jsx","statementMap":{"0":{"start":{"line":10,"column":4},"end":{"line":10,"column":17}},"1":{"start":{"line":11,"column":4},"end":{"line":13,"column":6}},"2":{"start":{"line":17,"column":4},"end":{"line":21,"column":7}},"3":{"start":{"line":18,"column":6},"end":{"line":20,"column":9}},"4":{"start":{"line":27,"column":15},"end":{"line":27,"column":16}},"5":{"start":{"line":28,"column":4},"end":{"line":31,"column":9}},"6":{"start":{"line":30,"column":8},"end":{"line":30,"column":22}},"7":{"start":{"line":35,"column":21},"end":{"line":35,"column":31}},"8":{"start":{"line":36,"column":16},"end":{"line":36,"column":20}},"9":{"start":{"line":37,"column":4},"end":{"line":56,"column":6}}},"fnMap":{"0":{"name":"(anonymous_0)","decl":{"start":{"line":9,"column":2},"end":{"line":9,"column":3}},"loc":{"start":{"line":9,"column":21},"end":{"line":14,"column":3}},"line":9},"1":{"name":"(anonymous_1)","decl":{"start":{"line":16,"column":2},"end":{"line":16,"column":3}},"loc":{"start":{"line":16,"column":22},"end":{"line":22,"column":3}},"line":16},"2":{"name":"(anonymous_2)","decl":{"start":{"line":17,"column":19},"end":{"line":17,"column":20}},"loc":{"start":{"line":17,"column":31},"end":{"line":21,"column":5}},"line":17},"3":{"name":"(anonymous_3)","decl":{"start":{"line":24,"column":2},"end":{"line":24,"column":3}},"loc":{"start":{"line":24,"column":16},"end":{"line":32,"column":3}},"line":24},"4":{"name":"(anonymous_4)","decl":{"start":{"line":29,"column":12},"end":{"line":29,"column":13}},"loc":{"start":{"line":29,"column":22},"end":{"line":31,"column":7}},"line":29},"5":{"name":"(anonymous_5)","decl":{"start":{"line":34,"column":2},"end":{"line":34,"column":3}},"loc":{"start":{"line":34,"column":11},"end":{"line":57,"column":3}},"line":34}},"branchMap":{},"s":{"0":3,"1":3,"2":4,"3":0,"4":4,"5":4,"6":0,"7":3,"8":3,"9":3},"f":{"0":3,"1":4,"2":0,"3":4,"4":0,"5":3},"b":{},"_coverageSchema":"1a1c01bbd47fc00a2c39e90264f33305004495a9","hash":"85d3322a839f3b6aaa8380dbff1356286a11265d"}
,"/Users/nas/Documents/fec/Product-Details/client/components/Details.jsx": {"path":"/Users/nas/Documents/fec/Product-Details/client/components/Details.jsx","statementMap":{"0":{"start":{"line":4,"column":16},"end":{"line":10,"column":1}},"1":{"start":{"line":5,"column":2},"end":{"line":9,"column":4}}},"fnMap":{"0":{"name":"(anonymous_0)","decl":{"start":{"line":4,"column":16},"end":{"line":4,"column":17}},"loc":{"start":{"line":4,"column":22},"end":{"line":10,"column":1}},"line":4}},"branchMap":{},"s":{"0":2,"1":2},"f":{"0":2},"b":{},"_coverageSchema":"1a1c01bbd47fc00a2c39e90264f33305004495a9","hash":"fbc9d7bd1dabe4bd6923215599270eae07a05282"}
,"/Users/nas/Documents/fec/Product-Details/client/components/Item.jsx": {"path":"/Users/nas/Documents/fec/Product-Details/client/components/Item.jsx","statementMap":{"0":{"start":{"line":7,"column":19},"end":{"line":9,"column":1}},"1":{"start":{"line":11,"column":13},"end":{"line":21,"column":1}},"2":{"start":{"line":12,"column":2},"end":{"line":20,"column":8}}},"fnMap":{"0":{"name":"(anonymous_0)","decl":{"start":{"line":11,"column":13},"end":{"line":11,"column":14}},"loc":{"start":{"line":12,"column":2},"end":{"line":20,"column":8}},"line":12}},"branchMap":{},"s":{"0":2,"1":2,"2":3},"f":{"0":3},"b":{},"_coverageSchema":"1a1c01bbd47fc00a2c39e90264f33305004495a9","hash":"1d4bf72a23598c9570cbd176da6a38508161db15"}
,"/Users/nas/Documents/fec/Product-Details/db/Product.js": {"path":"/Users/nas/Documents/fec/Product-Details/db/Product.js","statementMap":{"0":{"start":{"line":1,"column":17},"end":{"line":1,"column":36}},"1":{"start":{"line":3,"column":22},"end":{"line":12,"column":26}},"2":{"start":{"line":14,"column":0},"end":{"line":14,"column":66}}},"fnMap":{},"branchMap":{},"s":{"0":1,"1":1,"2":1},"f":{},"b":{},"_coverageSchema":"1a1c01bbd47fc00a2c39e90264f33305004495a9","hash":"f5718cf5d50193f3f82eec9bd4f5dcc346490493"}
,"/Users/nas/Documents/fec/Product-Details/db/index.js": {"path":"/Users/nas/Documents/fec/Product-Details/db/index.js","statementMap":{"0":{"start":{"line":3,"column":17},"end":{"line":3,"column":36}},"1":{"start":{"line":5,"column":0},"end":{"line":6,"column":40}},"2":{"start":{"line":6,"column":20},"end":{"line":6,"column":38}},"3":{"start":{"line":7,"column":11},"end":{"line":7,"column":30}},"4":{"start":{"line":8,"column":0},"end":{"line":8,"column":65}},"5":{"start":{"line":9,"column":0},"end":{"line":11,"column":3}},"6":{"start":{"line":10,"column":2},"end":{"line":10,"column":30}},"7":{"start":{"line":13,"column":14},"end":{"line":13,"column":37}},"8":{"start":{"line":15,"column":21},"end":{"line":17,"column":1}},"9":{"start":{"line":16,"column":2},"end":{"line":16,"column":40}},"10":{"start":{"line":19,"column":18},"end":{"line":27,"column":1}},"11":{"start":{"line":20,"column":2},"end":{"line":26,"column":7}},"12":{"start":{"line":22,"column":6},"end":{"line":22,"column":27}},"13":{"start":{"line":25,"column":6},"end":{"line":25,"column":26}},"14":{"start":{"line":29,"column":0},"end":{"line":29,"column":43}},"15":{"start":{"line":30,"column":0},"end":{"line":30,"column":37}}},"fnMap":{"0":{"name":"(anonymous_0)","decl":{"start":{"line":6,"column":9},"end":{"line":6,"column":10}},"loc":{"start":{"line":6,"column":20},"end":{"line":6,"column":38}},"line":6},"1":{"name":"(anonymous_1)","decl":{"start":{"line":9,"column":16},"end":{"line":9,"column":17}},"loc":{"start":{"line":9,"column":22},"end":{"line":11,"column":1}},"line":9},"2":{"name":"(anonymous_2)","decl":{"start":{"line":15,"column":21},"end":{"line":15,"column":22}},"loc":{"start":{"line":15,"column":31},"end":{"line":17,"column":1}},"line":15},"3":{"name":"(anonymous_3)","decl":{"start":{"line":19,"column":18},"end":{"line":19,"column":19}},"loc":{"start":{"line":19,"column":32},"end":{"line":27,"column":1}},"line":19},"4":{"name":"(anonymous_4)","decl":{"start":{"line":21,"column":10},"end":{"line":21,"column":11}},"loc":{"start":{"line":21,"column":20},"end":{"line":23,"column":5}},"line":21},"5":{"name":"(anonymous_5)","decl":{"start":{"line":24,"column":11},"end":{"line":24,"column":12}},"loc":{"start":{"line":24,"column":20},"end":{"line":26,"column":5}},"line":24}},"branchMap":{},"s":{"0":1,"1":1,"2":0,"3":1,"4":1,"5":1,"6":1,"7":1,"8":1,"9":0,"10":1,"11":3,"12":2,"13":0,"14":1,"15":1},"f":{"0":0,"1":1,"2":0,"3":3,"4":2,"5":0},"b":{},"_coverageSchema":"1a1c01bbd47fc00a2c39e90264f33305004495a9","hash":"97522e7c54e7c7ec740c12d995d1346fe09015ca"}
,"/Users/nas/Documents/fec/Product-Details/server/app.js": {"path":"/Users/nas/Documents/fec/Product-Details/server/app.js","statementMap":{"0":{"start":{"line":1,"column":16},"end":{"line":1,"column":34}},"1":{"start":{"line":3,"column":12},"end":{"line":3,"column":21}},"2":{"start":{"line":4,"column":11},"end":{"line":4,"column":27}},"3":{"start":{"line":7,"column":0},"end":{"line":7,"column":24}},"4":{"start":{"line":8,"column":0},"end":{"line":8,"column":36}},"5":{"start":{"line":11,"column":0},"end":{"line":29,"column":3}},"6":{"start":{"line":12,"column":2},"end":{"line":28,"column":5}},"7":{"start":{"line":13,"column":4},"end":{"line":16,"column":5}},"8":{"start":{"line":14,"column":6},"end":{"line":14,"column":32}},"9":{"start":{"line":15,"column":6},"end":{"line":15,"column":13}},"10":{"start":{"line":17,"column":21},"end":{"line":17,"column":34}},"11":{"start":{"line":20,"column":4},"end":{"line":26,"column":5}},"12":{"start":{"line":20,"column":17},"end":{"line":20,"column":18}},"13":{"start":{"line":22,"column":6},"end":{"line":25,"column":7}},"14":{"start":{"line":23,"column":8},"end":{"line":23,"column":29}},"15":{"start":{"line":24,"column":8},"end":{"line":24,"column":14}},"16":{"start":{"line":27,"column":4},"end":{"line":27,"column":37}},"17":{"start":{"line":31,"column":0},"end":{"line":31,"column":21}}},"fnMap":{"0":{"name":"(anonymous_0)","decl":{"start":{"line":11,"column":16},"end":{"line":11,"column":17}},"loc":{"start":{"line":11,"column":30},"end":{"line":29,"column":1}},"line":11},"1":{"name":"(anonymous_1)","decl":{"start":{"line":12,"column":15},"end":{"line":12,"column":16}},"loc":{"start":{"line":12,"column":30},"end":{"line":28,"column":3}},"line":12}},"branchMap":{"0":{"loc":{"start":{"line":13,"column":4},"end":{"line":16,"column":5}},"type":"if","locations":[{"start":{"line":13,"column":4},"end":{"line":16,"column":5}},{"start":{"line":13,"column":4},"end":{"line":16,"column":5}}],"line":13},"1":{"loc":{"start":{"line":22,"column":6},"end":{"line":25,"column":7}},"type":"if","locations":[{"start":{"line":22,"column":6},"end":{"line":25,"column":7}},{"start":{"line":22,"column":6},"end":{"line":25,"column":7}}],"line":22}},"s":{"0":1,"1":1,"2":1,"3":1,"4":1,"5":1,"6":3,"7":2,"8":0,"9":0,"10":2,"11":2,"12":2,"13":4,"14":2,"15":2,"16":2,"17":1},"f":{"0":3,"1":2},"b":{"0":[0,2],"1":[2,2]},"_coverageSchema":"1a1c01bbd47fc00a2c39e90264f33305004495a9","hash":"0b4152a053b3d17b87f3e3410a430fc7793685ac"}
}
