TN:
SF:enzyme.js
FNF:0
FNH:0
DA:4,4
LF:1
LH:1
BRF:0
BRH:0
end_of_record
TN:
SF:client/components/AddToCart.jsx
FN:18,(anonymous_0)
FNF:1
FNH:1
FNDA:2,(anonymous_0)
DA:4,3
DA:10,3
DA:18,3
DA:19,2
LF:4
LH:4
BRF:0
BRH:0
end_of_record
TN:
SF:client/components/App.jsx
FN:8,(anonymous_0)
FN:15,(anonymous_1)
FN:20,(anonymous_2)
FN:25,(anonymous_3)
FN:30,(anonymous_4)
FNF:5
FNH:3
FNDA:2,(anonymous_0)
FNDA:2,(anonymous_1)
FNDA:0,(anonymous_2)
FNDA:0,(anonymous_3)
FNDA:2,(anonymous_4)
DA:9,2
DA:10,2
DA:18,2
DA:19,2
DA:21,0
DA:31,2
DA:32,2
DA:33,2
LF:8
LH:7
BRF:0
BRH:0
end_of_record
TN:
SF:client/components/Details.jsx
FN:3,(anonymous_0)
FNF:1
FNH:1
FNDA:2,(anonymous_0)
DA:3,2
DA:4,2
LF:2
LH:2
BRF:0
BRH:0
end_of_record
TN:
SF:client/components/Item.jsx
FN:11,(anonymous_0)
FNF:1
FNH:1
FNDA:3,(anonymous_0)
DA:7,2
DA:11,2
DA:12,3
LF:3
LH:3
BRF:0
BRH:0
end_of_record
TN:
SF:db/Product.js
FNF:0
FNH:0
DA:1,1
DA:3,1
DA:16,1
LF:3
LH:3
BRF:0
BRH:0
end_of_record
TN:
SF:db/index.js
FN:5,(anonymous_0)
FN:8,(anonymous_1)
FN:14,(anonymous_2)
FN:25,(anonymous_3)
FN:34,(anonymous_4)
FN:36,(anonymous_5)
FN:39,(anonymous_6)
FNF:7
FNH:3
FNDA:0,(anonymous_0)
FNDA:1,(anonymous_1)
FNDA:0,(anonymous_2)
FNDA:0,(anonymous_3)
FNDA:3,(anonymous_4)
FNDA:2,(anonymous_5)
FNDA:0,(anonymous_6)
DA:2,1
DA:4,1
DA:5,0
DA:6,1
DA:7,1
DA:8,1
DA:9,1
DA:12,1
DA:14,1
DA:15,0
DA:25,0
DA:26,0
DA:27,0
DA:28,0
DA:30,0
DA:34,1
DA:35,3
DA:37,2
DA:40,0
DA:44,1
DA:45,1
LF:21
LH:13
BRDA:26,0,0,0
BRDA:26,0,1,0
BRF:2
BRH:0
end_of_record
TN:
SF:server/app.js
FN:10,(anonymous_0)
FN:12,(anonymous_1)
FNF:2
FNH:2
FNDA:3,(anonymous_0)
FNDA:2,(anonymous_1)
DA:1,1
DA:2,1
DA:3,1
DA:6,1
DA:7,1
DA:10,1
DA:12,3
DA:13,2
DA:14,0
DA:15,0
DA:17,2
DA:20,2
DA:21,4
DA:22,2
DA:23,2
DA:26,2
DA:30,1
LF:17
LH:15
BRDA:13,0,0,0
BRDA:13,0,1,2
BRDA:21,1,0,2
BRDA:21,1,1,2
BRF:4
BRH:3
end_of_record
